<?xml version="1.0" encoding="UTF-8"?>
<testsuite name="br.com.udemy.vertx_starter.TestMainVerticle" tests="1" skipped="0" failures="0" errors="0" timestamp="2022-01-18T17:29:17" hostname="IGOR-FRANCESCO" time="1.357">
  <properties/>
  <testcase name="verticle_deployed(Vertx, VertxTestContext)" classname="br.com.udemy.vertx_starter.TestMainVerticle" time="1.357"/>
  <system-out><![CDATA[HTTP server started on port 8888
]]></system-out>
  <system-err><![CDATA[]]></system-err>
</testsuite>
